<?xml version="1.0" encoding="utf-8"?><testsuites name="pytest tests"><testsuite name="pytest" errors="0" failures="0" skipped="0" tests="10" time="1.559" timestamp="2026-05-19T06:53:29.061013+00:00" hostname="agent-env-d76001cc-18da-4172-b9a0-51e98411d715"><testcase classname="backend.tests.backend_test" name="test_root" time="0.339" /><testcase classname="backend.tests.backend_test" name="test_list_projects" time="0.070" /><testcase classname="backend.tests.backend_test" name="test_get_single_project" time="0.072" /><testcase classname="backend.tests.backend_test" name="test_get_project_404" time="0.070" /><testcase classname="backend.tests.backend_test" name="test_projects_have_rarity" time="0.074" /><testcase classname="backend.tests.backend_test" name="test_list_experiences" time="0.077" /><testcase classname="backend.tests.backend_test" name="test_list_achievements" time="0.074" /><testcase classname="backend.tests.backend_test" name="test_create_contact_success" time="0.163" /><testcase classname="backend.tests.backend_test" name="test_create_contact_invalid_email" time="0.073" /><testcase classname="backend.tests.backend_test" name="test_create_contact_empty_fields" time="0.069" /></testsuite></testsuites>