<?xml version="1.0" encoding="utf-8"?><testsuites name="pytest tests"><testsuite name="pytest" errors="0" failures="0" skipped="0" tests="7" time="1.295" timestamp="2026-05-19T06:14:51.739453+00:00" hostname="agent-env-d76001cc-18da-4172-b9a0-51e98411d715"><testcase classname="backend.tests.backend_test" name="test_root" time="0.298" /><testcase classname="backend.tests.backend_test" name="test_list_projects" time="0.087" /><testcase classname="backend.tests.backend_test" name="test_get_single_project" time="0.088" /><testcase classname="backend.tests.backend_test" name="test_get_project_404" time="0.088" /><testcase classname="backend.tests.backend_test" name="test_create_contact_success" time="0.197" /><testcase classname="backend.tests.backend_test" name="test_create_contact_invalid_email" time="0.091" /><testcase classname="backend.tests.backend_test" name="test_create_contact_empty_fields" time="0.090" /></testsuite></testsuites>